<?xml version="1.0" encoding="UTF-8"?>
<!-- Generated by org.testng.reporters.JUnitXMLReporter -->
<testsuite ignored="0" hostname="DESKTOP-KJ400B0" failures="0" tests="3" name="Default test" time="0.031" errors="0" timestamp="2022-09-03T22:09:18 IST">
  <testcase classname="com.test.CarServiceTest" name="carColorTest" time="0.006"/>
  <testcase classname="com.test.CarServiceTest" name="carLoanTest" time="0.001"/>
  <testcase classname="com.test.CarServiceTest" name="carSpeedTest" time="0.001"/>
</testsuite> <!-- Default test -->
