<?xml version="1.0" encoding="UTF-8"?>
<testng-results ignored="4" total="6" passed="2" failed="0" skipped="0">
  <reporter-output>
  </reporter-output>
  <suite started-at="2022-09-03T22:14:55 IST" name="Suite" finished-at="2022-09-03T22:14:55 IST" duration-ms="31">
    <groups>
      <group name="loan">
        <method signature="BikeServiceTest.bikeLoanTest()[pri:0, instance:com.test.BikeServiceTest@44a7bfbc]" name="bikeLoanTest" class="com.test.BikeServiceTest"/>
        <method signature="CarServiceTest.carLoanTest()[pri:0, instance:com.test.CarServiceTest@71c3b41]" name="carLoanTest" class="com.test.CarServiceTest"/>
      </group> <!-- loan -->
    </groups>
    <test started-at="2022-09-03T22:14:55 IST" name="Test" finished-at="2022-09-03T22:14:55 IST" duration-ms="31">
      <class name="com.test.CarServiceTest">
        <test-method signature="carLoanTest()[pri:0, instance:com.test.CarServiceTest@71c3b41]" started-at="2022-09-03T22:14:55 IST" name="carLoanTest" finished-at="2022-09-03T22:14:55 IST" duration-ms="6" status="PASS">
          <reporter-output>
          </reporter-output>
        </test-method> <!-- carLoanTest -->
      </class> <!-- com.test.CarServiceTest -->
      <class name="com.test.BikeServiceTest">
        <test-method signature="bikeLoanTest()[pri:0, instance:com.test.BikeServiceTest@44a7bfbc]" started-at="2022-09-03T22:14:55 IST" name="bikeLoanTest" finished-at="2022-09-03T22:14:55 IST" duration-ms="1" status="PASS">
          <reporter-output>
          </reporter-output>
        </test-method> <!-- bikeLoanTest -->
      </class> <!-- com.test.BikeServiceTest -->
    </test> <!-- Test -->
  </suite> <!-- Suite -->
</testng-results>
