<?xml version="1.0" encoding="UTF-8"?>
<!-- Generated by org.testng.reporters.JUnitXMLReporter -->
<testsuite ignored="4" hostname="DESKTOP-KJ400B0" failures="0" tests="1" name="Default test" time="0.975" errors="0" timestamp="2022-09-04T20:24:39 IST">
  <testcase classname="com.test.EmployeeServiceTest" name="testFindEmployeeDetails" time="0.94"/>
  <testcase classname="com.test.EmployeeServiceTest" name="updateEmployeeSalary" time="0.0">
    <ignored/>
  </testcase> <!-- updateEmployeeSalary -->
  <testcase classname="com.test.EmployeeServiceTest" name="mockTestMethod" time="0.0">
    <ignored/>
  </testcase> <!-- mockTestMethod -->
  <testcase classname="com.test.EmployeeServiceTest" name="readMethodTest" time="0.0">
    <ignored/>
  </testcase> <!-- readMethodTest -->
  <testcase classname="com.test.EmployeeServiceTest" name="testAllEmployeeDetails" time="0.0">
    <ignored/>
  </testcase> <!-- testAllEmployeeDetails -->
</testsuite> <!-- Default test -->
