<?xml version="1.0" encoding="UTF-8"?>
<testng-results ignored="4" total="5" passed="1" failed="0" skipped="0">
  <reporter-output>
  </reporter-output>
  <suite started-at="2022-09-04T20:24:38 IST" name="Default suite" finished-at="2022-09-04T20:24:39 IST" duration-ms="975">
    <groups>
    </groups>
    <test started-at="2022-09-04T20:24:38 IST" name="Default test" finished-at="2022-09-04T20:24:39 IST" duration-ms="975">
      <class name="com.test.EmployeeServiceTest">
        <test-method signature="testFindEmployeeDetails()[pri:0, instance:com.test.EmployeeServiceTest@4e3958e7]" started-at="2022-09-04T20:24:38 IST" name="testFindEmployeeDetails" finished-at="2022-09-04T20:24:39 IST" duration-ms="940" status="PASS">
          <reporter-output>
          </reporter-output>
        </test-method> <!-- testFindEmployeeDetails -->
      </class> <!-- com.test.EmployeeServiceTest -->
    </test> <!-- Default test -->
  </suite> <!-- Default suite -->
</testng-results>
