<?xml version="1.0" encoding="UTF-8"?>
<!-- Generated by org.testng.reporters.JUnitXMLReporter -->
<testsuite ignored="2" hostname="DESKTOP-KJ400B0" failures="0" tests="7" name="MyTest" time="0.039" errors="0" timestamp="2022-09-03T21:43:05 IST">
  <testcase classname="com.test.TestNGHook" name="firstTest" time="0.003"/>
  <testcase classname="com.test.TestNGHook" name="secondTest" time="0.0"/>
  <testcase classname="com.test.OperationServiceTest" name="divTest" time="0.002"/>
  <testcase classname="com.test.OperationServiceTest" name="mulTest" time="0.0"/>
  <testcase classname="com.test.ProductServiceTest" name="addProductTest" time="0.001"/>
  <testcase classname="com.test.ProductServiceTest" name="findProductTest" time="0.001"/>
  <testcase classname="com.test.ProductServiceTest" name="getAllProductsTest" time="0.0"/>
  <testcase classname="com.test.OperationServiceTest" name="subTest" time="0.0">
    <ignored/>
  </testcase> <!-- subTest -->
  <testcase classname="com.test.OperationServiceTest" name="addTest" time="0.0">
    <ignored/>
  </testcase> <!-- addTest -->
</testsuite> <!-- MyTest -->
