<?xml version="1.0" encoding="UTF-8"?>
<!-- Generated by org.testng.reporters.JUnitXMLReporter -->
<testsuite ignored="4" hostname="DESKTOP-KJ400B0" failures="0" tests="2" name="Test" time="0.031" errors="0" timestamp="2022-09-03T22:14:55 IST">
  <testcase classname="com.test.CarServiceTest" name="carLoanTest" time="0.006"/>
  <testcase classname="com.test.BikeServiceTest" name="bikeLoanTest" time="0.001"/>
  <testcase classname="com.test.BikeServiceTest" name="bikeColorTest" time="0.0">
    <ignored/>
  </testcase> <!-- bikeColorTest -->
  <testcase classname="com.test.CarServiceTest" name="carSpeedTest" time="0.0">
    <ignored/>
  </testcase> <!-- carSpeedTest -->
  <testcase classname="com.test.BikeServiceTest" name="bikeSpeedTest" time="0.0">
    <ignored/>
  </testcase> <!-- bikeSpeedTest -->
  <testcase classname="com.test.CarServiceTest" name="carColorTest" time="0.0">
    <ignored/>
  </testcase> <!-- carColorTest -->
</testsuite> <!-- Test -->
